20:38:13.576 [DEBUG] [org.gradle.launcher.daemon.bootstrap.DaemonMain] Assuming the daemon was started with following jvm opts: [-XX:+HeapDumpOnOutOfMemoryError, -Xmx1024m, -Dfile.encoding=UTF-8, -Duser.country, -Duser.language=en, -Duser.variant]
20:38:14.447 [INFO] [org.gradle.launcher.daemon.server.Daemon] start() called on daemon - DefaultDaemonContext[uid=b6982872-656c-4d01-b535-8e894f1f9eda,javaHome=/opt/jdk1.8.0_172,daemonRegistryDir=/app/cache/daemon,pid=28,idleTimeout=10800000,daemonOpts=-XX:+HeapDumpOnOutOfMemoryError,-Xmx1024m,-Dfile.encoding=UTF-8,-Duser.country,-Duser.language=en,-Duser.variant]
20:38:14.650 [DEBUG] [org.gradle.internal.remote.internal.inet.InetAddresses] Adding IP addresses for network interface eth0
20:38:14.743 [DEBUG] [org.gradle.internal.remote.internal.inet.InetAddresses] Is this a loopback interface? false
20:38:14.764 [DEBUG] [org.gradle.internal.remote.internal.inet.InetAddresses] Is this a multicast interface? true
20:38:14.773 [DEBUG] [org.gradle.internal.remote.internal.inet.InetAddresses] Adding remote address /172.22.0.6
20:38:14.781 [DEBUG] [org.gradle.internal.remote.internal.inet.InetAddresses] Adding remote multicast interface eth0
20:38:14.788 [DEBUG] [org.gradle.internal.remote.internal.inet.InetAddresses] Adding IP addresses for network interface lo
20:38:14.806 [DEBUG] [org.gradle.internal.remote.internal.inet.InetAddresses] Is this a loopback interface? true
20:38:14.813 [DEBUG] [org.gradle.internal.remote.internal.inet.InetAddresses] Is this a multicast interface? false
20:38:14.818 [DEBUG] [org.gradle.internal.remote.internal.inet.InetAddresses] Adding loopback address /127.0.0.1
20:38:14.838 [DEBUG] [org.gradle.internal.remote.internal.inet.TcpIncomingConnector] Listening on [6d467484-9a63-4f4e-8938-2979cf47d90f port:38781, addresses:[/127.0.0.1]].
20:38:14.850 [DEBUG] [org.gradle.launcher.daemon.server.Daemon] Daemon starting at: Mon May 28 20:38:14 GMT 2018, with address: [6d467484-9a63-4f4e-8938-2979cf47d90f port:38781, addresses:[/127.0.0.1]]
20:38:14.870 [INFO] [org.gradle.launcher.daemon.server.DaemonRegistryUpdater] Advertising the daemon address to the clients: [6d467484-9a63-4f4e-8938-2979cf47d90f port:38781, addresses:[/127.0.0.1]]
20:38:14.876 [DEBUG] [org.gradle.launcher.daemon.server.DaemonRegistryUpdater] Advertised daemon context: DefaultDaemonContext[uid=b6982872-656c-4d01-b535-8e894f1f9eda,javaHome=/opt/jdk1.8.0_172,daemonRegistryDir=/app/cache/daemon,pid=28,idleTimeout=10800000,daemonOpts=-XX:+HeapDumpOnOutOfMemoryError,-Xmx1024m,-Dfile.encoding=UTF-8,-Duser.country,-Duser.language=en,-Duser.variant]
20:38:14.881 [DEBUG] [org.gradle.launcher.daemon.registry.PersistentDaemonRegistry] Storing daemon address: [6d467484-9a63-4f4e-8938-2979cf47d90f port:38781, addresses:[/127.0.0.1]], context: DefaultDaemonContext[uid=b6982872-656c-4d01-b535-8e894f1f9eda,javaHome=/opt/jdk1.8.0_172,daemonRegistryDir=/app/cache/daemon,pid=28,idleTimeout=10800000,daemonOpts=-XX:+HeapDumpOnOutOfMemoryError,-Xmx1024m,-Dfile.encoding=UTF-8,-Duser.country,-Duser.language=en,-Duser.variant]
20:38:14.967 [DEBUG] [org.gradle.cache.internal.DefaultFileLockManager] Waiting to acquire exclusive lock on daemon addresses registry.
20:38:15.005 [DEBUG] [org.gradle.cache.internal.DefaultFileLockManager] Lock acquired on daemon addresses registry.
20:38:15.031 [DEBUG] [org.gradle.cache.internal.DefaultFileLockManager] Releasing lock on daemon addresses registry.
20:38:15.036 [LIFECYCLE] [org.gradle.launcher.daemon.server.Daemon] Daemon server started.
20:38:15.042 [DEBUG] [org.gradle.launcher.daemon.bootstrap.DaemonStartupCommunication] Completed writing the daemon greeting. Closing streams...
20:38:15.054 [DEBUG] [org.gradle.launcher.daemon.server.Daemon] stopOnExpiration() called on daemon
20:38:15.078 [DEBUG] [org.gradle.launcher.daemon.server.Daemon] awaitExpiration() called on daemon
20:38:15.105 [DEBUG] [org.gradle.internal.remote.internal.inet.TcpIncomingConnector] Accepted connection from /127.0.0.1:52482 to /127.0.0.1:38781.
20:38:15.109 [DEBUG] [org.gradle.launcher.daemon.server.DaemonStateCoordinator] daemon is running. Sleeping until state changes.
20:38:15.880 [DEBUG] [org.gradle.launcher.daemon.server.SynchronizedDispatchConnection] thread 14: received class org.gradle.launcher.daemon.protocol.Build
20:38:15.891 [DEBUG] [org.gradle.launcher.daemon.server.DefaultDaemonConnection] thread 14: Received non-IO message from client: Build{id=50eceb26-0289-4036-bd32-83f80f3e22c7.1, currentDir=/app}
20:38:15.914 [INFO] [org.gradle.launcher.daemon.server.DefaultIncomingConnectionHandler] Received command: Build{id=50eceb26-0289-4036-bd32-83f80f3e22c7.1, currentDir=/app}.
20:38:15.917 [DEBUG] [org.gradle.launcher.daemon.server.DefaultIncomingConnectionHandler] Starting executing command: Build{id=50eceb26-0289-4036-bd32-83f80f3e22c7.1, currentDir=/app} with connection: socket connection from /127.0.0.1:38781 to /127.0.0.1:52482.
20:38:15.941 [ERROR] [org.gradle.launcher.daemon.server.DaemonStateCoordinator] Command execution: started DaemonCommandExecution[command = Build{id=50eceb26-0289-4036-bd32-83f80f3e22c7.1, currentDir=/app}, connection = DefaultDaemonConnection: socket connection from /127.0.0.1:38781 to /127.0.0.1:52482] after 0.0 minutes of idle
20:38:15.947 [INFO] [org.gradle.launcher.daemon.server.DaemonRegistryUpdater] Marking the daemon as busy, address: [6d467484-9a63-4f4e-8938-2979cf47d90f port:38781, addresses:[/127.0.0.1]]
20:38:15.956 [DEBUG] [org.gradle.launcher.daemon.registry.PersistentDaemonRegistry] Marking busy by address: [6d467484-9a63-4f4e-8938-2979cf47d90f port:38781, addresses:[/127.0.0.1]]
20:38:15.975 [DEBUG] [org.gradle.cache.internal.DefaultFileLockManager] Waiting to acquire exclusive lock on daemon addresses registry.
20:38:15.989 [DEBUG] [org.gradle.cache.internal.DefaultFileLockManager] Lock acquired on daemon addresses registry.
20:38:16.011 [DEBUG] [org.gradle.cache.internal.DefaultFileLockManager] Releasing lock on daemon addresses registry.
20:38:16.017 [DEBUG] [org.gradle.launcher.daemon.server.DaemonStateCoordinator] resetting idle timer
20:38:16.020 [DEBUG] [org.gradle.launcher.daemon.server.DaemonStateCoordinator] daemon is running. Sleeping until state changes.
20:38:16.026 [INFO] [org.gradle.launcher.daemon.server.exec.StartBuildOrRespondWithBusy] Daemon is about to start building Build{id=50eceb26-0289-4036-bd32-83f80f3e22c7.1, currentDir=/app}. Dispatching build started information...
20:38:16.031 [DEBUG] [org.gradle.launcher.daemon.server.SynchronizedDispatchConnection] thread 16: dispatching class org.gradle.launcher.daemon.protocol.BuildStarted
20:38:16.057 [DEBUG] [org.gradle.launcher.daemon.server.exec.EstablishBuildEnvironment] Configuring env variables: {PATH=/usr/local/sbin:/usr/local/bin:/usr/sbin:/usr/bin:/sbin:/bin:/opt/jdk/bin, JAVA_JCE=unlimited, SPRING_PROFILES_ACTIVE=dev, JAVA_HOME=/opt/jdk, OLDPWD=/app, GLIBC_VERSION=2.27-r0, LANG=C.UTF-8, JAVA_VERSION_MAJOR=8, GRADLE_USER_HOME=cache, HOSTNAME=0452e9672c38, GLIBC_REPO=https://github.com/sgerrand/alpine-pkg-glibc, JAVA_VERSION_MINOR=172, PWD=/app, JAVA_PACKAGE=jdk, JAVA_VERSION_BUILD=11, HOME=/root, SHLVL=1}
20:38:16.163 [DEBUG] [org.gradle.launcher.daemon.server.exec.LogToClient] About to start relaying all logs to the client via the connection.
20:38:16.173 [INFO] [org.gradle.launcher.daemon.server.exec.LogToClient] The client will now receive all logging from the daemon (pid: 28). The daemon log file: /app/cache/daemon/4.5.1/daemon-28.out.log
20:38:16.175 [DEBUG] [org.gradle.launcher.daemon.server.SynchronizedDispatchConnection] thread 14: received class org.gradle.launcher.daemon.protocol.CloseInput
20:38:16.196 [DEBUG] [org.gradle.launcher.daemon.server.DefaultDaemonConnection] thread 14: Received IO message from client: org.gradle.launcher.daemon.protocol.CloseInput@7afb690d
20:38:16.199 [INFO] [org.gradle.launcher.daemon.server.exec.LogAndCheckHealth] Starting build in new daemon [memory: 954.7 MB]
20:38:16.214 [INFO] [org.gradle.launcher.daemon.server.exec.ForwardClientInput] Closing daemon's stdin at end of input.
20:38:16.218 [INFO] [org.gradle.launcher.daemon.server.exec.ForwardClientInput] The daemon will no longer process any standard input.
20:38:16.236 [DEBUG] [org.gradle.launcher.daemon.server.exec.ExecuteBuild] The daemon has started executing the build.
20:38:16.244 [DEBUG] [org.gradle.launcher.daemon.server.exec.ExecuteBuild] Executing build with daemon context: DefaultDaemonContext[uid=b6982872-656c-4d01-b535-8e894f1f9eda,javaHome=/opt/jdk1.8.0_172,daemonRegistryDir=/app/cache/daemon,pid=28,idleTimeout=10800000,daemonOpts=-XX:+HeapDumpOnOutOfMemoryError,-Xmx1024m,-Dfile.encoding=UTF-8,-Duser.country,-Duser.language=en,-Duser.variant]
:compileJava
:processResources UP-TO-DATE
:classes
:bootRun
2018-05-28 20:39:44.514  INFO 66 --- [           main] s.c.a.AnnotationConfigApplicationContext : Refreshing org.springframework.context.annotation.AnnotationConfigApplicationContext@291ae: startup date [Mon May 28 20:39:44 GMT 2018]; root of context hierarchy
2018-05-28 20:39:48.083  INFO 66 --- [           main] f.a.AutowiredAnnotationBeanPostProcessor : JSR-330 'javax.inject.Inject' annotation found and supported for autowiring
2018-05-28 20:39:48.841  INFO 66 --- [           main] trationDelegate$BeanPostProcessorChecker : Bean 'configurationPropertiesRebinderAutoConfiguration' of type [org.springframework.cloud.autoconfigure.ConfigurationPropertiesRebinderAutoConfiguration$$EnhancerBySpringCGLIB$$e403c324] is not eligible for getting processed by all BeanPostProcessors (for example: not eligible for auto-proxying)

  .   ____          _            __ _ _
 /\\ / ___'_ __ _ _(_)_ __  __ _ \ \ \ \
( ( )\___ | '_ | '_| | '_ \/ _` | \ \ \ \
 \\/  ___)| |_)| | | | | || (_| |  ) ) ) )
  '  |____| .__|_| |_|_| |_\__, | / / / /
 =========|_|==============|___/=/_/_/_/
[32m :: Spring Boot :: [39m      [2m (v1.5.8.RELEASE)[0;39m

[2m2018-05-28 20:39:52.644[0;39m [32m INFO[0;39m [35m66[0;39m [2m---[0;39m [2m[           main][0;39m [36mc.example.usersapi.UsersApiApplication  [0;39m [2m:[0;39m The following profiles are active: dev
[2m2018-05-28 20:39:52.835[0;39m [32m INFO[0;39m [35m66[0;39m [2m---[0;39m [2m[           main][0;39m [36mationConfigEmbeddedWebApplicationContext[0;39m [2m:[0;39m Refreshing org.springframework.boot.context.embedded.AnnotationConfigEmbeddedWebApplicationContext@6138e79a: startup date [Mon May 28 20:39:52 GMT 2018]; parent: org.springframework.context.annotation.AnnotationConfigApplicationContext@291ae
[2m2018-05-28 20:40:01.440[0;39m [32m INFO[0;39m [35m66[0;39m [2m---[0;39m [2m[           main][0;39m [36mo.s.cloud.context.scope.GenericScope    [0;39m [2m:[0;39m BeanFactory id=34c4289d-5a2f-39bc-b00a-2b4774e15c90
[2m2018-05-28 20:40:01.600[0;39m [32m INFO[0;39m [35m66[0;39m [2m---[0;39m [2m[           main][0;39m [36mf.a.AutowiredAnnotationBeanPostProcessor[0;39m [2m:[0;39m JSR-330 'javax.inject.Inject' annotation found and supported for autowiring
[2m2018-05-28 20:40:02.497[0;39m [32m INFO[0;39m [35m66[0;39m [2m---[0;39m [2m[           main][0;39m [36mtrationDelegate$BeanPostProcessorChecker[0;39m [2m:[0;39m Bean 'org.springframework.transaction.annotation.ProxyTransactionManagementConfiguration' of type [org.springframework.transaction.annotation.ProxyTransactionManagementConfiguration$$EnhancerBySpringCGLIB$$c7e9c027] is not eligible for getting processed by all BeanPostProcessors (for example: not eligible for auto-proxying)
[2m2018-05-28 20:40:02.741[0;39m [32m INFO[0;39m [35m66[0;39m [2m---[0;39m [2m[           main][0;39m [36mtrationDelegate$BeanPostProcessorChecker[0;39m [2m:[0;39m Bean 'org.springframework.cloud.autoconfigure.ConfigurationPropertiesRebinderAutoConfiguration' of type [org.springframework.cloud.autoconfigure.ConfigurationPropertiesRebinderAutoConfiguration$$EnhancerBySpringCGLIB$$e403c324] is not eligible for getting processed by all BeanPostProcessors (for example: not eligible for auto-proxying)
[2m2018-05-28 20:40:04.994[0;39m [32m INFO[0;39m [35m66[0;39m [2m---[0;39m [2m[           main][0;39m [36ms.b.c.e.t.TomcatEmbeddedServletContainer[0;39m [2m:[0;39m Tomcat initialized with port(s): 8081 (http)
[2m2018-05-28 20:40:05.227[0;39m [32m INFO[0;39m [35m66[0;39m [2m---[0;39m [2m[           main][0;39m [36mo.apache.catalina.core.StandardService  [0;39m [2m:[0;39m Starting service [Tomcat]
[2m2018-05-28 20:40:05.258[0;39m [32m INFO[0;39m [35m66[0;39m [2m---[0;39m [2m[           main][0;39m [36morg.apache.catalina.core.StandardEngine [0;39m [2m:[0;39m Starting Servlet Engine: Apache Tomcat/8.5.23
[2m2018-05-28 20:40:08.376[0;39m [32m INFO[0;39m [35m66[0;39m [2m---[0;39m [2m[ost-startStop-1][0;39m [36mo.a.c.c.C.[Tomcat].[localhost].[/]      [0;39m [2m:[0;39m Initializing Spring embedded WebApplicationContext
[2m2018-05-28 20:40:08.378[0;39m [32m INFO[0;39m [35m66[0;39m [2m---[0;39m [2m[ost-startStop-1][0;39m [36mo.s.web.context.ContextLoader           [0;39m [2m:[0;39m Root WebApplicationContext: initialization completed in 15544 ms
[2m2018-05-28 20:40:09.935[0;39m [32m INFO[0;39m [35m66[0;39m [2m---[0;39m [2m[ost-startStop-1][0;39m [36mo.s.b.w.servlet.ServletRegistrationBean [0;39m [2m:[0;39m Mapping servlet: 'dispatcherServlet' to [/]
[2m2018-05-28 20:40:09.977[0;39m [32m INFO[0;39m [35m66[0;39m [2m---[0;39m [2m[ost-startStop-1][0;39m [36mo.s.b.w.servlet.FilterRegistrationBean  [0;39m [2m:[0;39m Mapping filter: 'characterEncodingFilter' to: [/*]
[2m2018-05-28 20:40:09.989[0;39m [32m INFO[0;39m [35m66[0;39m [2m---[0;39m [2m[ost-startStop-1][0;39m [36mo.s.b.w.servlet.FilterRegistrationBean  [0;39m [2m:[0;39m Mapping filter: 'hiddenHttpMethodFilter' to: [/*]
[2m2018-05-28 20:40:09.989[0;39m [32m INFO[0;39m [35m66[0;39m [2m---[0;39m [2m[ost-startStop-1][0;39m [36mo.s.b.w.servlet.FilterRegistrationBean  [0;39m [2m:[0;39m Mapping filter: 'httpPutFormContentFilter' to: [/*]
[2m2018-05-28 20:40:09.990[0;39m [32m INFO[0;39m [35m66[0;39m [2m---[0;39m [2m[ost-startStop-1][0;39m [36mo.s.b.w.servlet.FilterRegistrationBean  [0;39m [2m:[0;39m Mapping filter: 'requestContextFilter' to: [/*]
[2m2018-05-28 20:40:13.147[0;39m [32m INFO[0;39m [35m66[0;39m [2m---[0;39m [2m[           main][0;39m [36mj.LocalContainerEntityManagerFactoryBean[0;39m [2m:[0;39m Building JPA container EntityManagerFactory for persistence unit 'default'
[2m2018-05-28 20:40:13.382[0;39m [32m INFO[0;39m [35m66[0;39m [2m---[0;39m [2m[           main][0;39m [36mo.hibernate.jpa.internal.util.LogHelper [0;39m [2m:[0;39m HHH000204: Processing PersistenceUnitInfo [
	name: default
	...]
[2m2018-05-28 20:40:14.073[0;39m [32m INFO[0;39m [35m66[0;39m [2m---[0;39m [2m[           main][0;39m [36morg.hibernate.Version                   [0;39m [2m:[0;39m HHH000412: Hibernate Core {5.0.12.Final}
[2m2018-05-28 20:40:14.096[0;39m [32m INFO[0;39m [35m66[0;39m [2m---[0;39m [2m[           main][0;39m [36morg.hibernate.cfg.Environment           [0;39m [2m:[0;39m HHH000206: hibernate.properties not found
[2m2018-05-28 20:40:14.101[0;39m [32m INFO[0;39m [35m66[0;39m [2m---[0;39m [2m[           main][0;39m [36morg.hibernate.cfg.Environment           [0;39m [2m:[0;39m HHH000021: Bytecode provider name : javassist
[2m2018-05-28 20:40:14.512[0;39m [32m INFO[0;39m [35m66[0;39m [2m---[0;39m [2m[           main][0;39m [36mo.hibernate.annotations.common.Version  [0;39m [2m:[0;39m HCANN000001: Hibernate Commons Annotations {5.0.1.Final}
[2m2018-05-28 20:40:16.065[0;39m [32m INFO[0;39m [35m66[0;39m [2m---[0;39m [2m[           main][0;39m [36morg.hibernate.dialect.Dialect           [0;39m [2m:[0;39m HHH000400: Using dialect: org.hibernate.dialect.PostgreSQLDialect
[2m2018-05-28 20:40:16.670[0;39m [32m INFO[0;39m [35m66[0;39m [2m---[0;39m [2m[           main][0;39m [36mo.h.e.j.e.i.LobCreatorBuilderImpl       [0;39m [2m:[0;39m HHH000424: Disabling contextual LOB creation as createClob() method threw error : java.lang.reflect.InvocationTargetException
[2m2018-05-28 20:40:16.684[0;39m [32m INFO[0;39m [35m66[0;39m [2m---[0;39m [2m[           main][0;39m [36morg.hibernate.type.BasicTypeRegistry    [0;39m [2m:[0;39m HHH000270: Type registration [java.util.UUID] overrides previous : org.hibernate.type.UUIDBinaryType@18d003cd
[2m2018-05-28 20:40:20.629[0;39m [32m INFO[0;39m [35m66[0;39m [2m---[0;39m [2m[           main][0;39m [36mj.LocalContainerEntityManagerFactoryBean[0;39m [2m:[0;39m Initialized JPA EntityManagerFactory for persistence unit 'default'
[2m2018-05-28 20:40:22.781[0;39m [33m WARN[0;39m [35m66[0;39m [2m---[0;39m [2m[           main][0;39m [36mc.n.c.sources.URLConfigurationSource    [0;39m [2m:[0;39m No URLs will be polled as dynamic configuration sources.
[2m2018-05-28 20:40:22.781[0;39m [32m INFO[0;39m [35m66[0;39m [2m---[0;39m [2m[           main][0;39m [36mc.n.c.sources.URLConfigurationSource    [0;39m [2m:[0;39m To enable URLs as dynamic configuration sources, define System property archaius.configurationSource.additionalUrls or make config.properties available on classpath.
[2m2018-05-28 20:40:22.842[0;39m [33m WARN[0;39m [35m66[0;39m [2m---[0;39m [2m[           main][0;39m [36mc.n.c.sources.URLConfigurationSource    [0;39m [2m:[0;39m No URLs will be polled as dynamic configuration sources.
[2m2018-05-28 20:40:22.842[0;39m [32m INFO[0;39m [35m66[0;39m [2m---[0;39m [2m[           main][0;39m [36mc.n.c.sources.URLConfigurationSource    [0;39m [2m:[0;39m To enable URLs as dynamic configuration sources, define System property archaius.configurationSource.additionalUrls or make config.properties available on classpath.
[2m2018-05-28 20:40:24.975[0;39m [32m INFO[0;39m [35m66[0;39m [2m---[0;39m [2m[           main][0;39m [36ms.w.s.m.m.a.RequestMappingHandlerAdapter[0;39m [2m:[0;39m Looking for @ControllerAdvice: org.springframework.boot.context.embedded.AnnotationConfigEmbeddedWebApplicationContext@6138e79a: startup date [Mon May 28 20:39:52 GMT 2018]; parent: org.springframework.context.annotation.AnnotationConfigApplicationContext@291ae
[2m2018-05-28 20:40:25.612[0;39m [32m INFO[0;39m [35m66[0;39m [2m---[0;39m [2m[           main][0;39m [36ms.w.s.m.m.a.RequestMappingHandlerMapping[0;39m [2m:[0;39m Mapped "{[/]}" onto public java.lang.String com.example.usersapi.UsersApiApplication.home()
[2m2018-05-28 20:40:25.670[0;39m [32m INFO[0;39m [35m66[0;39m [2m---[0;39m [2m[           main][0;39m [36ms.w.s.m.m.a.RequestMappingHandlerMapping[0;39m [2m:[0;39m Mapped "{[/{userId}],methods=[GET]}" onto public com.example.usersapi.models.User com.example.usersapi.controller.UsersController.findUserById(java.lang.Long)
[2m2018-05-28 20:40:25.671[0;39m [32m INFO[0;39m [35m66[0;39m [2m---[0;39m [2m[           main][0;39m [36ms.w.s.m.m.a.RequestMappingHandlerMapping[0;39m [2m:[0;39m Mapped "{[/{userId}],methods=[DELETE]}" onto public org.springframework.http.HttpStatus com.example.usersapi.controller.UsersController.deleteUserById(java.lang.Long)
[2m2018-05-28 20:40:25.699[0;39m [32m INFO[0;39m [35m66[0;39m [2m---[0;39m [2m[           main][0;39m [36ms.w.s.m.m.a.RequestMappingHandlerMapping[0;39m [2m:[0;39m Mapped "{[/],methods=[POST]}" onto public com.example.usersapi.models.User com.example.usersapi.controller.UsersController.createNewUser(com.example.usersapi.models.User)
[2m2018-05-28 20:40:25.702[0;39m [32m INFO[0;39m [35m66[0;39m [2m---[0;39m [2m[           main][0;39m [36ms.w.s.m.m.a.RequestMappingHandlerMapping[0;39m [2m:[0;39m Mapped "{[/{userId}],methods=[PATCH]}" onto public com.example.usersapi.models.User com.example.usersapi.controller.UsersController.updateUserById(java.lang.Long,com.example.usersapi.models.User)
[2m2018-05-28 20:40:25.705[0;39m [32m INFO[0;39m [35m66[0;39m [2m---[0;39m [2m[           main][0;39m [36ms.w.s.m.m.a.RequestMappingHandlerMapping[0;39m [2m:[0;39m Mapped "{[/],methods=[GET]}" onto public java.lang.Iterable<com.example.usersapi.models.User> com.example.usersapi.controller.UsersController.findAllUsers()
[2m2018-05-28 20:40:25.713[0;39m [32m INFO[0;39m [35m66[0;39m [2m---[0;39m [2m[           main][0;39m [36ms.w.s.m.m.a.RequestMappingHandlerMapping[0;39m [2m:[0;39m Mapped "{[/error],produces=[text/html]}" onto public org.springframework.web.servlet.ModelAndView org.springframework.boot.autoconfigure.web.BasicErrorController.errorHtml(javax.servlet.http.HttpServletRequest,javax.servlet.http.HttpServletResponse)
[2m2018-05-28 20:40:25.713[0;39m [32m INFO[0;39m [35m66[0;39m [2m---[0;39m [2m[           main][0;39m [36ms.w.s.m.m.a.RequestMappingHandlerMapping[0;39m [2m:[0;39m Mapped "{[/error]}" onto public org.springframework.http.ResponseEntity<java.util.Map<java.lang.String, java.lang.Object>> org.springframework.boot.autoconfigure.web.BasicErrorController.error(javax.servlet.http.HttpServletRequest)
[2m2018-05-28 20:40:26.173[0;39m [32m INFO[0;39m [35m66[0;39m [2m---[0;39m [2m[           main][0;39m [36mo.s.w.s.handler.SimpleUrlHandlerMapping [0;39m [2m:[0;39m Mapped URL path [/webjars/**] onto handler of type [class org.springframework.web.servlet.resource.ResourceHttpRequestHandler]
[2m2018-05-28 20:40:26.173[0;39m [32m INFO[0;39m [35m66[0;39m [2m---[0;39m [2m[           main][0;39m [36mo.s.w.s.handler.SimpleUrlHandlerMapping [0;39m [2m:[0;39m Mapped URL path [/**] onto handler of type [class org.springframework.web.servlet.resource.ResourceHttpRequestHandler]
[2m2018-05-28 20:40:26.583[0;39m [32m INFO[0;39m [35m66[0;39m [2m---[0;39m [2m[           main][0;39m [36mo.s.w.s.handler.SimpleUrlHandlerMapping [0;39m [2m:[0;39m Mapped URL path [/**/favicon.ico] onto handler of type [class org.springframework.web.servlet.resource.ResourceHttpRequestHandler]
[2m2018-05-28 20:40:30.364[0;39m [33m WARN[0;39m [35m66[0;39m [2m---[0;39m [2m[           main][0;39m [36marterDeprecationWarningAutoConfiguration[0;39m [2m:[0;39m spring-cloud-starter-eureka is deprecated as of Spring Cloud Netflix 1.4.0, please migrate to spring-cloud-starter-netflix-eureka
[2m2018-05-28 20:40:30.616[0;39m [32m INFO[0;39m [35m66[0;39m [2m---[0;39m [2m[           main][0;39m [36mo.s.j.e.a.AnnotationMBeanExporter       [0;39m [2m:[0;39m Registering beans for JMX exposure on startup
[2m2018-05-28 20:40:30.657[0;39m [32m INFO[0;39m [35m66[0;39m [2m---[0;39m [2m[           main][0;39m [36mo.s.j.e.a.AnnotationMBeanExporter       [0;39m [2m:[0;39m Bean with name 'environmentManager' has been autodetected for JMX exposure
[2m2018-05-28 20:40:30.665[0;39m [32m INFO[0;39m [35m66[0;39m [2m---[0;39m [2m[           main][0;39m [36mo.s.j.e.a.AnnotationMBeanExporter       [0;39m [2m:[0;39m Bean with name 'configurationPropertiesRebinder' has been autodetected for JMX exposure
[2m2018-05-28 20:40:30.670[0;39m [32m INFO[0;39m [35m66[0;39m [2m---[0;39m [2m[           main][0;39m [36mo.s.j.e.a.AnnotationMBeanExporter       [0;39m [2m:[0;39m Bean with name 'refreshScope' has been autodetected for JMX exposure
[2m2018-05-28 20:40:30.696[0;39m [32m INFO[0;39m [35m66[0;39m [2m---[0;39m [2m[           main][0;39m [36mo.s.j.e.a.AnnotationMBeanExporter       [0;39m [2m:[0;39m Located managed bean 'environmentManager': registering with JMX server as MBean [org.springframework.cloud.context.environment:name=environmentManager,type=EnvironmentManager]
[2m2018-05-28 20:40:30.795[0;39m [32m INFO[0;39m [35m66[0;39m [2m---[0;39m [2m[           main][0;39m [36mo.s.j.e.a.AnnotationMBeanExporter       [0;39m [2m:[0;39m Located managed bean 'refreshScope': registering with JMX server as MBean [org.springframework.cloud.context.scope.refresh:name=refreshScope,type=RefreshScope]
[2m2018-05-28 20:40:30.891[0;39m [32m INFO[0;39m [35m66[0;39m [2m---[0;39m [2m[           main][0;39m [36mo.s.j.e.a.AnnotationMBeanExporter       [0;39m [2m:[0;39m Located managed bean 'configurationPropertiesRebinder': registering with JMX server as MBean [org.springframework.cloud.context.properties:name=configurationPropertiesRebinder,context=6138e79a,type=ConfigurationPropertiesRebinder]
[2m2018-05-28 20:40:31.394[0;39m [32m INFO[0;39m [35m66[0;39m [2m---[0;39m [2m[           main][0;39m [36mo.s.c.support.DefaultLifecycleProcessor [0;39m [2m:[0;39m Starting beans in phase 0
[2m2018-05-28 20:40:31.455[0;39m [32m INFO[0;39m [35m66[0;39m [2m---[0;39m [2m[           main][0;39m [36mo.s.c.n.eureka.InstanceInfoFactory      [0;39m [2m:[0;39m Setting initial instance status as: STARTING
[2m2018-05-28 20:40:31.877[0;39m [32m INFO[0;39m [35m66[0;39m [2m---[0;39m [2m[           main][0;39m [36mcom.netflix.discovery.DiscoveryClient   [0;39m [2m:[0;39m Initializing Eureka in region us-east-1
[2m2018-05-28 20:40:33.850[0;39m [32m INFO[0;39m [35m66[0;39m [2m---[0;39m [2m[           main][0;39m [36mc.n.d.provider.DiscoveryJerseyProvider  [0;39m [2m:[0;39m Using JSON encoding codec LegacyJacksonJson
[2m2018-05-28 20:40:33.850[0;39m [32m INFO[0;39m [35m66[0;39m [2m---[0;39m [2m[           main][0;39m [36mc.n.d.provider.DiscoveryJerseyProvider  [0;39m [2m:[0;39m Using JSON decoding codec LegacyJacksonJson
[2m2018-05-28 20:40:34.893[0;39m [32m INFO[0;39m [35m66[0;39m [2m---[0;39m [2m[           main][0;39m [36mc.n.d.provider.DiscoveryJerseyProvider  [0;39m [2m:[0;39m Using XML encoding codec XStreamXml
[2m2018-05-28 20:40:34.893[0;39m [32m INFO[0;39m [35m66[0;39m [2m---[0;39m [2m[           main][0;39m [36mc.n.d.provider.DiscoveryJerseyProvider  [0;39m [2m:[0;39m Using XML decoding codec XStreamXml
[2m2018-05-28 20:40:35.982[0;39m [32m INFO[0;39m [35m66[0;39m [2m---[0;39m [2m[           main][0;39m [36mc.n.d.s.r.aws.ConfigClusterResolver     [0;39m [2m:[0;39m Resolving eureka endpoints via configuration
[2m2018-05-28 20:40:36.079[0;39m [32m INFO[0;39m [35m66[0;39m [2m---[0;39m [2m[           main][0;39m [36mcom.netflix.discovery.DiscoveryClient   [0;39m [2m:[0;39m Disable delta property : false
[2m2018-05-28 20:40:36.079[0;39m [32m INFO[0;39m [35m66[0;39m [2m---[0;39m [2m[           main][0;39m [36mcom.netflix.discovery.DiscoveryClient   [0;39m [2m:[0;39m Single vip registry refresh property : null
[2m2018-05-28 20:40:36.079[0;39m [32m INFO[0;39m [35m66[0;39m [2m---[0;39m [2m[           main][0;39m [36mcom.netflix.discovery.DiscoveryClient   [0;39m [2m:[0;39m Force full registry fetch : false
[2m2018-05-28 20:40:36.080[0;39m [32m INFO[0;39m [35m66[0;39m [2m---[0;39m [2m[           main][0;39m [36mcom.netflix.discovery.DiscoveryClient   [0;39m [2m:[0;39m Application is null : false
[2m2018-05-28 20:40:36.080[0;39m [32m INFO[0;39m [35m66[0;39m [2m---[0;39m [2m[           main][0;39m [36mcom.netflix.discovery.DiscoveryClient   [0;39m [2m:[0;39m Registered Applications size is zero : true
[2m2018-05-28 20:40:36.081[0;39m [32m INFO[0;39m [35m66[0;39m [2m---[0;39m [2m[           main][0;39m [36mcom.netflix.discovery.DiscoveryClient   [0;39m [2m:[0;39m Application version is -1: true
[2m2018-05-28 20:40:36.081[0;39m [32m INFO[0;39m [35m66[0;39m [2m---[0;39m [2m[           main][0;39m [36mcom.netflix.discovery.DiscoveryClient   [0;39m [2m:[0;39m Getting all instance registry info from the eureka server
[2m2018-05-28 20:40:36.452[0;39m [32m INFO[0;39m [35m66[0;39m [2m---[0;39m [2m[           main][0;39m [36mcom.netflix.discovery.DiscoveryClient   [0;39m [2m:[0;39m The response status is 200
[2m2018-05-28 20:40:36.455[0;39m [32m INFO[0;39m [35m66[0;39m [2m---[0;39m [2m[           main][0;39m [36mcom.netflix.discovery.DiscoveryClient   [0;39m [2m:[0;39m Starting heartbeat executor: renew interval is: 30
[2m2018-05-28 20:40:36.462[0;39m [32m INFO[0;39m [35m66[0;39m [2m---[0;39m [2m[           main][0;39m [36mc.n.discovery.InstanceInfoReplicator    [0;39m [2m:[0;39m InstanceInfoReplicator onDemand update allowed rate per min is 4
[2m2018-05-28 20:40:36.472[0;39m [32m INFO[0;39m [35m66[0;39m [2m---[0;39m [2m[           main][0;39m [36mcom.netflix.discovery.DiscoveryClient   [0;39m [2m:[0;39m Discovery Client initialized at timestamp 1527540036472 with initial instances count: 0
[2m2018-05-28 20:40:36.487[0;39m [32m INFO[0;39m [35m66[0;39m [2m---[0;39m [2m[           main][0;39m [36mo.s.c.n.e.s.EurekaServiceRegistry       [0;39m [2m:[0;39m Registering application users with eureka with status UP
[2m2018-05-28 20:40:36.493[0;39m [32m INFO[0;39m [35m66[0;39m [2m---[0;39m [2m[           main][0;39m [36mcom.netflix.discovery.DiscoveryClient   [0;39m [2m:[0;39m Saw local status change event StatusChangeEvent [timestamp=1527540036493, current=UP, previous=STARTING]
[2m2018-05-28 20:40:36.507[0;39m [32m INFO[0;39m [35m66[0;39m [2m---[0;39m [2m[nfoReplicator-0][0;39m [36mcom.netflix.discovery.DiscoveryClient   [0;39m [2m:[0;39m DiscoveryClient_USERS/0452e9672c38:users:8081: registering service...
[2m2018-05-28 20:40:36.790[0;39m [32m INFO[0;39m [35m66[0;39m [2m---[0;39m [2m[           main][0;39m [36ms.b.c.e.t.TomcatEmbeddedServletContainer[0;39m [2m:[0;39m Tomcat started on port(s): 8081 (http)
[2m2018-05-28 20:40:36.795[0;39m [32m INFO[0;39m [35m66[0;39m [2m---[0;39m [2m[           main][0;39m [36m.s.c.n.e.s.EurekaAutoServiceRegistration[0;39m [2m:[0;39m Updating port to 8081
[2m2018-05-28 20:40:36.823[0;39m [32m INFO[0;39m [35m66[0;39m [2m---[0;39m [2m[           main][0;39m [36mc.example.usersapi.UsersApiApplication  [0;39m [2m:[0;39m Started UsersApiApplication in 56.408 seconds (JVM running for 61.298)
[2m2018-05-28 20:40:36.870[0;39m [32m INFO[0;39m [35m66[0;39m [2m---[0;39m [2m[nfoReplicator-0][0;39m [36mcom.netflix.discovery.DiscoveryClient   [0;39m [2m:[0;39m DiscoveryClient_USERS/0452e9672c38:users:8081 - registration status: 204
[2m2018-05-28 20:41:06.456[0;39m [32m INFO[0;39m [35m66[0;39m [2m---[0;39m [2m[freshExecutor-0][0;39m [36mcom.netflix.discovery.DiscoveryClient   [0;39m [2m:[0;39m Disable delta property : false
[2m2018-05-28 20:41:06.457[0;39m [32m INFO[0;39m [35m66[0;39m [2m---[0;39m [2m[freshExecutor-0][0;39m [36mcom.netflix.discovery.DiscoveryClient   [0;39m [2m:[0;39m Single vip registry refresh property : null
[2m2018-05-28 20:41:06.458[0;39m [32m INFO[0;39m [35m66[0;39m [2m---[0;39m [2m[freshExecutor-0][0;39m [36mcom.netflix.discovery.DiscoveryClient   [0;39m [2m:[0;39m Force full registry fetch : false
[2m2018-05-28 20:41:06.458[0;39m [32m INFO[0;39m [35m66[0;39m [2m---[0;39m [2m[freshExecutor-0][0;39m [36mcom.netflix.discovery.DiscoveryClient   [0;39m [2m:[0;39m Application is null : false
[2m2018-05-28 20:41:06.458[0;39m [32m INFO[0;39m [35m66[0;39m [2m---[0;39m [2m[freshExecutor-0][0;39m [36mcom.netflix.discovery.DiscoveryClient   [0;39m [2m:[0;39m Registered Applications size is zero : true
[2m2018-05-28 20:41:06.458[0;39m [32m INFO[0;39m [35m66[0;39m [2m---[0;39m [2m[freshExecutor-0][0;39m [36mcom.netflix.discovery.DiscoveryClient   [0;39m [2m:[0;39m Application version is -1: false
[2m2018-05-28 20:41:06.458[0;39m [32m INFO[0;39m [35m66[0;39m [2m---[0;39m [2m[freshExecutor-0][0;39m [36mcom.netflix.discovery.DiscoveryClient   [0;39m [2m:[0;39m Getting all instance registry info from the eureka server
[2m2018-05-28 20:41:06.576[0;39m [32m INFO[0;39m [35m66[0;39m [2m---[0;39m [2m[freshExecutor-0][0;39m [36mcom.netflix.discovery.DiscoveryClient   [0;39m [2m:[0;39m The response status is 200
[2m2018-05-28 20:41:40.433[0;39m [32m INFO[0;39m [35m66[0;39m [2m---[0;39m [2m[nio-8081-exec-1][0;39m [36mo.a.c.c.C.[Tomcat].[localhost].[/]      [0;39m [2m:[0;39m Initializing Spring FrameworkServlet 'dispatcherServlet'
[2m2018-05-28 20:41:40.436[0;39m [32m INFO[0;39m [35m66[0;39m [2m---[0;39m [2m[nio-8081-exec-1][0;39m [36mo.s.web.servlet.DispatcherServlet       [0;39m [2m:[0;39m FrameworkServlet 'dispatcherServlet': initialization started
[2m2018-05-28 20:41:40.520[0;39m [32m INFO[0;39m [35m66[0;39m [2m---[0;39m [2m[nio-8081-exec-1][0;39m [36mo.s.web.servlet.DispatcherServlet       [0;39m [2m:[0;39m FrameworkServlet 'dispatcherServlet': initialization completed in 84 ms
[2m2018-05-28 20:41:40.930[0;39m [32m INFO[0;39m [35m66[0;39m [2m---[0;39m [2m[nio-8081-exec-1][0;39m [36mo.h.h.i.QueryTranslatorFactoryInitiator [0;39m [2m:[0;39m HHH000397: Using ASTQueryTranslatorFactory
[2m2018-05-28 20:45:36.089[0;39m [32m INFO[0;39m [35m66[0;39m [2m---[0;39m [2m[trap-executor-0][0;39m [36mc.n.d.s.r.aws.ConfigClusterResolver     [0;39m [2m:[0;39m Resolving eureka endpoints via configuration
[2m2018-05-28 20:50:36.095[0;39m [32m INFO[0;39m [35m66[0;39m [2m---[0;39m [2m[trap-executor-0][0;39m [36mc.n.d.s.r.aws.ConfigClusterResolver     [0;39m [2m:[0;39m Resolving eureka endpoints via configuration
[2m2018-05-28 20:55:36.100[0;39m [32m INFO[0;39m [35m66[0;39m [2m---[0;39m [2m[trap-executor-0][0;39m [36mc.n.d.s.r.aws.ConfigClusterResolver     [0;39m [2m:[0;39m Resolving eureka endpoints via configuration
[2m2018-05-28 21:00:36.101[0;39m [32m INFO[0;39m [35m66[0;39m [2m---[0;39m [2m[trap-executor-0][0;39m [36mc.n.d.s.r.aws.ConfigClusterResolver     [0;39m [2m:[0;39m Resolving eureka endpoints via configuration
